============================================================
Session : 2026-04-17T12:45:19.375Z
Command : --module MyFirstModule --project C:\Users\VishnuPrasathTA.AzureAD\Mendix\App-main\App.mpr
============================================================
{"ts":"2026-04-17T12:45:19.375Z","level":"WARN","msg":"LIVE mode will modify your .mpr file."}
{"ts":"2026-04-17T12:45:19.375Z","level":"WARN","msg":"Make sure the project is NOT open in Studio Pro right now."}
{"ts":"2026-04-17T12:45:19.376Z","level":"WARN","msg":"A backup copy is strongly recommended before proceeding."}
{"ts":"2026-04-17T12:45:19.414Z","level":"SECTION","msg":"Opening Mendix Model"}
{"ts":"2026-04-17T12:45:19.415Z","level":"INFO","msg":"Project : C:\\Users\\VishnuPrasathTA.AzureAD\\Mendix\\App-main\\App.mpr"}
{"ts":"2026-04-17T12:45:19.416Z","level":"INFO","msg":"Module  : MyFirstModule"}
{"ts":"2026-04-17T12:45:19.416Z","level":"INFO","msg":"Handler : (none)"}
{"ts":"2026-04-17T12:45:19.417Z","level":"INFO","msg":"Mode    : LIVE"}
{"ts":"2026-04-17T12:45:19.418Z","level":"INFO","msg":"No --handler specified. Setting errorHandlingType = Custom on all risky activities."}
{"ts":"2026-04-17T12:45:19.419Z","level":"SECTION","msg":"Scanning Microflows in \"MyFirstModule\""}
{"ts":"2026-04-17T12:45:29.345Z","level":"OK","msg":"Found 2 microflow(s) in \"MyFirstModule\"."}
{"ts":"2026-04-17T12:45:29.346Z","level":"SECTION","msg":"Applying Patches"}
{"ts":"2026-04-17T12:45:29.368Z","level":"PATCHED","msg":"MyFirstModule.MyFirstLogic → Java Action","meta":{"type":"Java Action"}}
{"ts":"2026-04-17T12:45:29.375Z","level":"PATCHED","msg":"MyFirstModule.Microflow → Java Action","meta":{"type":"Java Action"}}
{"ts":"2026-04-17T12:45:29.376Z","level":"OK","msg":"Patches written. Open the project in Studio Pro to wire the error flow arrows."}
{"ts":"2026-04-17T12:45:29.379Z","level":"SUMMARY","msg":"run complete","meta":{"patched":2,"skipped":0,"errors":0,"module":"MyFirstModule"}}
